<?xml version="1.0" encoding="utf-8"?><testsuites><testsuite name="pytest" errors="0" failures="0" skipped="0" tests="3" time="0.020" timestamp="2023-11-24T14:57:16.783274" hostname="kiran"><testcase classname="01_Two_Sum.test_solution.TestSolution" name="test_twoSum_example1" time="0.001" /><testcase classname="01_Two_Sum.test_solution.TestSolution" name="test_twoSum_example2" time="0.000" /><testcase classname="01_Two_Sum.test_solution.TestSolution" name="test_twoSum_example3" time="0.000" /></testsuite></testsuites>